Log file open, 01/14/17 22:14:34
LogInit:Display: Running engine for game: StrategyGame
LogPlatformFile: Not using cached read wrapper
LogInit:Display: RandInit(1050118448) SRandInit(1050118448).
LogTaskGraph: Started task graph with 5 named threads and 8 total threads with 1 sets of task threads.
LogStats: Stats thread started at 0.101267
LogPluginManager: Loaded Plugin Paper2D, From C:/Program Files (x86)/Epic Games/4.14/Engine/Plugins/2D/Paper2D/Paper2D.uplugin
LogPluginManager: Loaded Plugin LightPropagationVolume, From C:/Program Files (x86)/Epic Games/4.14/Engine/Plugins/Blendables/LightPropagationVolume/LightPropagationVolume.uplugin
LogPluginManager: Loaded Plugin BlankPlugin, From C:/Program Files (x86)/Epic Games/4.14/Engine/Plugins/Developer/BlankPlugin/BlankPlugin.uplugin
LogPluginManager: Loaded Plugin CodeLiteSourceCodeAccess, From C:/Program Files (x86)/Epic Games/4.14/Engine/Plugins/Developer/CodeLiteSourceCodeAccess/CodeLiteSourceCodeAccess.uplugin
LogPluginManager: Loaded Plugin GitSourceControl, From C:/Program Files (x86)/Epic Games/4.14/Engine/Plugins/Developer/GitSourceControl/GitSourceControl.uplugin
LogPluginManager: Loaded Plugin KDevelopSourceCodeAccess, From C:/Program Files (x86)/Epic Games/4.14/Engine/Plugins/Developer/KDevelopSourceCodeAccess/KDevelopSourceCodeAccess.uplugin
LogPluginManager: Loaded Plugin NullSourceCodeAccess, From C:/Program Files (x86)/Epic Games/4.14/Engine/Plugins/Developer/NullSourceCodeAccess/NullSourceCodeAccess.uplugin
LogPluginManager: Loaded Plugin OneSkyLocalizationService, From C:/Program Files (x86)/Epic Games/4.14/Engine/Plugins/Developer/OneSkyLocalizationService/OneSkyLocalizationService.uplugin
LogPluginManager: Loaded Plugin PerforceSourceControl, From C:/Program Files (x86)/Epic Games/4.14/Engine/Plugins/Developer/PerforceSourceControl/PerforceSourceControl.uplugin
LogPluginManager: Loaded Plugin SubversionSourceControl, From C:/Program Files (x86)/Epic Games/4.14/Engine/Plugins/Developer/SubversionSourceControl/SubversionSourceControl.uplugin
LogPluginManager: Loaded Plugin UObjectPlugin, From C:/Program Files (x86)/Epic Games/4.14/Engine/Plugins/Developer/UObjectPlugin/UObjectPlugin.uplugin
LogPluginManager: Loaded Plugin VisualStudioSourceCodeAccess, From C:/Program Files (x86)/Epic Games/4.14/Engine/Plugins/Developer/VisualStudioSourceCodeAccess/VisualStudioSourceCodeAccess.uplugin
LogPluginManager: Loaded Plugin XCodeSourceCodeAccess, From C:/Program Files (x86)/Epic Games/4.14/Engine/Plugins/Developer/XCodeSourceCodeAccess/XCodeSourceCodeAccess.uplugin
LogPluginManager: Loaded Plugin AudioCapture, From C:/Program Files (x86)/Epic Games/4.14/Engine/Plugins/Editor/AudioCapture/AudioCapture.uplugin
LogPluginManager: Loaded Plugin EpicSurvey, From C:/Program Files (x86)/Epic Games/4.14/Engine/Plugins/Editor/EpicSurvey/EpicSurvey.uplugin
LogPluginManager: Loaded Plugin MacGraphicsSwitching, From C:/Program Files (x86)/Epic Games/4.14/Engine/Plugins/Editor/MacGraphicsSwitching/MacGraphicsSwitching.uplugin
LogPluginManager: Loaded Plugin MobileLauncherProfileWizard, From C:/Program Files (x86)/Epic Games/4.14/Engine/Plugins/Editor/MobileLauncherProfileWizard/MobileLauncherProfileWizard.uplugin
LogPluginManager: Loaded Plugin PluginBrowser, From C:/Program Files (x86)/Epic Games/4.14/Engine/Plugins/Editor/PluginBrowser/PluginBrowser.uplugin
LogPluginManager: Loaded Plugin SpeedTreeImporter, From C:/Program Files (x86)/Epic Games/4.14/Engine/Plugins/Editor/SpeedTreeImporter/SpeedTreeImporter.uplugin
LogPluginManager: Loaded Plugin SuperSearchEditor, From C:/Program Files (x86)/Epic Games/4.14/Engine/Plugins/Editor/SuperSearchEditor/SuperSearchEditor.uplugin
LogPluginManager: Loaded Plugin AlembicImporter, From C:/Program Files (x86)/Epic Games/4.14/Engine/Plugins/Experimental/AlembicImporter/AlembicImporter.uplugin
LogPluginManager: Loaded Plugin BlueprintStats, From C:/Program Files (x86)/Epic Games/4.14/Engine/Plugins/Experimental/BlueprintStats/BlueprintStats.uplugin
LogPluginManager: Loaded Plugin CharacterAI, From C:/Program Files (x86)/Epic Games/4.14/Engine/Plugins/Experimental/CharacterAI/CharacterAI.uplugin
LogPluginManager: Loaded Plugin CodeEditor, From C:/Program Files (x86)/Epic Games/4.14/Engine/Plugins/Experimental/CodeEditor/CodeEditor.uplugin
LogPluginManager: Loaded Plugin CodeView, From C:/Program Files (x86)/Epic Games/4.14/Engine/Plugins/Experimental/CodeView/CodeView.uplugin
LogPluginManager: Loaded Plugin HTML5Networking, From C:/Program Files (x86)/Epic Games/4.14/Engine/Plugins/Experimental/HTML5Networking/HTML5Networking.uplugin
LogPluginManager: Loaded Plugin OSVR, From C:/Program Files (x86)/Epic Games/4.14/Engine/Plugins/Experimental/OSVR/OSVR.uplugin
LogPluginManager: Loaded Plugin Phya, From C:/Program Files (x86)/Epic Games/4.14/Engine/Plugins/Experimental/Phya/Phya.uplugin
LogPluginManager: Loaded Plugin SignificanceManager, From C:/Program Files (x86)/Epic Games/4.14/Engine/Plugins/Experimental/SignificanceManager/SignificanceManager.uplugin
LogPluginManager: Loaded Plugin SimpleHMD, From C:/Program Files (x86)/Epic Games/4.14/Engine/Plugins/Experimental/SimpleHMD/SimpleHMD.uplugin
LogPluginManager: Loaded Plugin StereoPanorama, From C:/Program Files (x86)/Epic Games/4.14/Engine/Plugins/Experimental/StereoPanorama/StereoPanorama.uplugin
LogPluginManager: Loaded Plugin StructBox, From C:/Program Files (x86)/Epic Games/4.14/Engine/Plugins/Experimental/StructBox/StructBox.uplugin
LogPluginManager: Loaded Plugin AndroidMedia, From C:/Program Files (x86)/Epic Games/4.14/Engine/Plugins/Media/AndroidMedia/AndroidMedia.uplugin
LogPluginManager: Loaded Plugin AvfMedia, From C:/Program Files (x86)/Epic Games/4.14/Engine/Plugins/Media/AvfMedia/AvfMedia.uplugin
LogPluginManager: Loaded Plugin MediaPlayerEditor, From C:/Program Files (x86)/Epic Games/4.14/Engine/Plugins/Media/MediaPlayerEditor/MediaPlayerEditor.uplugin
LogPluginManager: Loaded Plugin WmfMedia, From C:/Program Files (x86)/Epic Games/4.14/Engine/Plugins/Media/WmfMedia/WmfMedia.uplugin
LogPluginManager: Loaded Plugin MessagingDebugger, From C:/Program Files (x86)/Epic Games/4.14/Engine/Plugins/Messaging/MessagingDebugger/MessagingDebugger.uplugin
LogPluginManager: Loaded Plugin TcpMessaging, From C:/Program Files (x86)/Epic Games/4.14/Engine/Plugins/Messaging/TcpMessaging/TcpMessaging.uplugin
LogPluginManager: Loaded Plugin UdpMessaging, From C:/Program Files (x86)/Epic Games/4.14/Engine/Plugins/Messaging/UdpMessaging/UdpMessaging.uplugin
LogPluginManager: Loaded Plugin LevelSequenceEditor, From C:/Program Files (x86)/Epic Games/4.14/Engine/Plugins/MovieScene/LevelSequenceEditor/LevelSequenceEditor.uplugin
LogPluginManager: Loaded Plugin MatineeToLevelSequence, From C:/Program Files (x86)/Epic Games/4.14/Engine/Plugins/MovieScene/MatineeToLevelSequence/MatineeToLevelSequence.uplugin
LogPluginManager: Loaded Plugin NetcodeUnitTest, From C:/Program Files (x86)/Epic Games/4.14/Engine/Plugins/NetcodeUnitTest/NetcodeUnitTest/NetcodeUnitTest.uplugin
LogPluginManager: Loaded Plugin NUTUnrealEngine4, From C:/Program Files (x86)/Epic Games/4.14/Engine/Plugins/NetcodeUnitTest/NUTUnrealEngine4/NUTUnrealEngine4.uplugin
LogPluginManager: Loaded Plugin OnlineSubsystemGameCircle, From C:/Program Files (x86)/Epic Games/4.14/Engine/Plugins/Online/Android/OnlineSubsystemGameCircle/OnlineSubsystemGameCircle.uplugin
LogPluginManager: Loaded Plugin OnlineSubsystemGooglePlay, From C:/Program Files (x86)/Epic Games/4.14/Engine/Plugins/Online/Android/OnlineSubsystemGooglePlay/OnlineSubsystemGooglePlay.uplugin
LogPluginManager: Loaded Plugin OnlineSubsystemIOS, From C:/Program Files (x86)/Epic Games/4.14/Engine/Plugins/Online/IOS/OnlineSubsystemIOS/OnlineSubsystemIOS.uplugin
LogPluginManager: Loaded Plugin OnlineFramework, From C:/Program Files (x86)/Epic Games/4.14/Engine/Plugins/Online/OnlineFramework/OnlineFramework.uplugin
LogPluginManager: Loaded Plugin OnlineSubsystem, From C:/Program Files (x86)/Epic Games/4.14/Engine/Plugins/Online/OnlineSubsystem/OnlineSubsystem.uplugin
LogPluginManager: Loaded Plugin OnlineSubsystemAmazon, From C:/Program Files (x86)/Epic Games/4.14/Engine/Plugins/Online/OnlineSubsystemAmazon/OnlineSubsystemAmazon.uplugin
LogPluginManager: Loaded Plugin OnlineSubsystemFacebook, From C:/Program Files (x86)/Epic Games/4.14/Engine/Plugins/Online/OnlineSubsystemFacebook/OnlineSubsystemFacebook.uplugin
LogPluginManager: Loaded Plugin OnlineSubsystemNull, From C:/Program Files (x86)/Epic Games/4.14/Engine/Plugins/Online/OnlineSubsystemNull/OnlineSubsystemNull.uplugin
LogPluginManager: Loaded Plugin OnlineSubsystemOculus, From C:/Program Files (x86)/Epic Games/4.14/Engine/Plugins/Online/OnlineSubsystemOculus/OnlineSubsystemOculus.uplugin
LogPluginManager: Loaded Plugin OnlineSubsystemSteam, From C:/Program Files (x86)/Epic Games/4.14/Engine/Plugins/Online/OnlineSubsystemSteam/OnlineSubsystemSteam.uplugin
LogPluginManager: Loaded Plugin OnlineSubsystemUtils, From C:/Program Files (x86)/Epic Games/4.14/Engine/Plugins/Online/OnlineSubsystemUtils/OnlineSubsystemUtils.uplugin
LogPluginManager: Loaded Plugin IOSTapJoy, From C:/Program Files (x86)/Epic Games/4.14/Engine/Plugins/Runtime/Advertising/IOSTapJoy/IOSTapJoy.uplugin
LogPluginManager: Loaded Plugin AnalyticsBlueprintLibrary, From C:/Program Files (x86)/Epic Games/4.14/Engine/Plugins/Runtime/Analytics/AnalyticsBlueprintLibrary/AnalyticsBlueprintLibrary.uplugin
LogPluginManager: Loaded Plugin AnalyticsMulticast, From C:/Program Files (x86)/Epic Games/4.14/Engine/Plugins/Runtime/Analytics/AnalyticsMulticast/AnalyticsMulticast.uplugin
LogPluginManager: Loaded Plugin Apsalar, From C:/Program Files (x86)/Epic Games/4.14/Engine/Plugins/Runtime/Analytics/Apsalar/Apsalar.uplugin
LogPluginManager: Loaded Plugin FileLogging, From C:/Program Files (x86)/Epic Games/4.14/Engine/Plugins/Runtime/Analytics/FileLogging/FileLogging.uplugin
LogPluginManager: Loaded Plugin Flurry, From C:/Program Files (x86)/Epic Games/4.14/Engine/Plugins/Runtime/Analytics/Flurry/Flurry.uplugin
LogPluginManager: Loaded Plugin AndroidDeviceProfileSelector, From C:/Program Files (x86)/Epic Games/4.14/Engine/Plugins/Runtime/AndroidDeviceProfileSelector/AndroidDeviceProfileSelector.uplugin
LogPluginManager: Loaded Plugin AndroidMoviePlayer, From C:/Program Files (x86)/Epic Games/4.14/Engine/Plugins/Runtime/AndroidMoviePlayer/AndroidMoviePlayer.uplugin
LogPluginManager: Loaded Plugin AppleMoviePlayer, From C:/Program Files (x86)/Epic Games/4.14/Engine/Plugins/Runtime/AppleMoviePlayer/AppleMoviePlayer.uplugin
LogPluginManager: Loaded Plugin ArchVisCharacter, From C:/Program Files (x86)/Epic Games/4.14/Engine/Plugins/Runtime/ArchVisCharacter/ArchVisCharacter.uplugin
LogPluginManager: Loaded Plugin CableComponent, From C:/Program Files (x86)/Epic Games/4.14/Engine/Plugins/Runtime/CableComponent/CableComponent.uplugin
LogPluginManager: Loaded Plugin CustomMeshComponent, From C:/Program Files (x86)/Epic Games/4.14/Engine/Plugins/Runtime/CustomMeshComponent/CustomMeshComponent.uplugin
LogPluginManager: Loaded Plugin ExampleDeviceProfileSelector, From C:/Program Files (x86)/Epic Games/4.14/Engine/Plugins/Runtime/ExampleDeviceProfileSelector/ExampleDeviceProfileSelector.uplugin
LogPluginManager: Loaded Plugin GearVR, From C:/Program Files (x86)/Epic Games/4.14/Engine/Plugins/Runtime/GearVR/GearVR.uplugin
LogPluginManager: Loaded Plugin GoogleVRController, From C:/Program Files (x86)/Epic Games/4.14/Engine/Plugins/Runtime/GoogleVR/GoogleVRController/GoogleVRController.uplugin
LogPluginManager: Loaded Plugin GoogleVRHMD, From C:/Program Files (x86)/Epic Games/4.14/Engine/Plugins/Runtime/GoogleVR/GoogleVRHMD/GoogleVRHMD.uplugin
LogPluginManager: Loaded Plugin IOSDeviceProfileSelector, From C:/Program Files (x86)/Epic Games/4.14/Engine/Plugins/Runtime/IOSDeviceProfileSelector/IOSDeviceProfileSelector.uplugin
LogPluginManager: Loaded Plugin LeapMotion, From C:/Program Files (x86)/Epic Games/4.14/Engine/Plugins/Runtime/LeapMotion/LeapMotion.uplugin
LogPluginManager: Loaded Plugin LinuxDeviceProfileSelector, From C:/Program Files (x86)/Epic Games/4.14/Engine/Plugins/Runtime/LinuxDeviceProfileSelector/LinuxDeviceProfileSelector.uplugin
LogPluginManager: Loaded Plugin MIDIDevice, From C:/Program Files (x86)/Epic Games/4.14/Engine/Plugins/Runtime/MIDIDevice/MIDIDevice.uplugin
LogPluginManager: Loaded Plugin MobilePatchingUtils, From C:/Program Files (x86)/Epic Games/4.14/Engine/Plugins/Runtime/MobilePatchingUtils/MobilePatchingUtils.uplugin
LogPluginManager: Loaded Plugin Ansel, From C:/Program Files (x86)/Epic Games/4.14/Engine/Plugins/Runtime/Nvidia/Ansel/Ansel.uplugin
LogPluginManager: Loaded Plugin OculusAudio, From C:/Program Files (x86)/Epic Games/4.14/Engine/Plugins/Runtime/OculusAudio/OculusAudio.uplugin
LogPluginManager: Loaded Plugin OculusInput, From C:/Program Files (x86)/Epic Games/4.14/Engine/Plugins/Runtime/OculusInput/OculusInput.uplugin
LogPluginManager: Loaded Plugin OculusLibrary, From C:/Program Files (x86)/Epic Games/4.14/Engine/Plugins/Runtime/OculusLibrary/OculusLibrary.uplugin
LogPluginManager: Loaded Plugin OculusRift, From C:/Program Files (x86)/Epic Games/4.14/Engine/Plugins/Runtime/OculusRift/OculusRift.uplugin
LogPluginManager: Loaded Plugin Oodle, From C:/Program Files (x86)/Epic Games/4.14/Engine/Plugins/Runtime/PacketHandlers/CompressionComponents/Oodle/Oodle.uplugin
LogPluginManager: Loaded Plugin ProceduralMeshComponent, From C:/Program Files (x86)/Epic Games/4.14/Engine/Plugins/Runtime/ProceduralMeshComponent/ProceduralMeshComponent.uplugin
LogPluginManager: Loaded Plugin SoundMod, From C:/Program Files (x86)/Epic Games/4.14/Engine/Plugins/Runtime/SoundMod/SoundMod.uplugin
LogPluginManager: Loaded Plugin SoundVisualizations, From C:/Program Files (x86)/Epic Games/4.14/Engine/Plugins/Runtime/SoundVisualizations/SoundVisualizations.uplugin
LogPluginManager: Loaded Plugin SteamController, From C:/Program Files (x86)/Epic Games/4.14/Engine/Plugins/Runtime/Steam/SteamController/SteamController.uplugin
LogPluginManager: Loaded Plugin SteamVR, From C:/Program Files (x86)/Epic Games/4.14/Engine/Plugins/Runtime/Steam/SteamVR/SteamVR.uplugin
LogPluginManager: Loaded Plugin WebBrowserWidget, From C:/Program Files (x86)/Epic Games/4.14/Engine/Plugins/Runtime/WebBrowserWidget/WebBrowserWidget.uplugin
LogPluginManager: Loaded Plugin WindowsDeviceProfileSelector, From C:/Program Files (x86)/Epic Games/4.14/Engine/Plugins/Runtime/WindowsDeviceProfileSelector/WindowsDeviceProfileSelector.uplugin
LogPluginManager: Loaded Plugin WindowsMoviePlayer, From C:/Program Files (x86)/Epic Games/4.14/Engine/Plugins/Runtime/WindowsMoviePlayer/WindowsMoviePlayer.uplugin
LogPluginManager: Loaded Plugin ScriptPlugin, From C:/Program Files (x86)/Epic Games/4.14/Engine/Plugins/ScriptPlugin/ScriptPlugin.uplugin
LogPluginManager: Loaded Plugin SlateRemote, From C:/Program Files (x86)/Epic Games/4.14/Engine/Plugins/Slate/SlateRemote/SlateRemote.uplugin
LogPluginManager: Loaded Plugin EditorTests, From C:/Program Files (x86)/Epic Games/4.14/Engine/Plugins/Tests/EditorTests/EditorTests.uplugin
LogPluginManager: Loaded Plugin FbxAutomationTestBuilder, From C:/Program Files (x86)/Epic Games/4.14/Engine/Plugins/Tests/FbxAutomationTestBuilder/FbxAutomationTestBuilder.uplugin
LogPluginManager: Loaded Plugin FunctionalTestingEditor, From C:/Program Files (x86)/Epic Games/4.14/Engine/Plugins/Tests/FunctionalTestingEditor/FunctionalTestingEditor.uplugin
LogPluginManager: Loaded Plugin RuntimeTests, From C:/Program Files (x86)/Epic Games/4.14/Engine/Plugins/Tests/RuntimeTests/RuntimeTests.uplugin
LogPluginManager: Loaded Plugin ScreenshotTools, From C:/Program Files (x86)/Epic Games/4.14/Engine/Plugins/Tests/ScreenshotTools/ScreenshotTools.uplugin
LogInit: Using libcurl 7.47.1
LogInit:  - built for x86_64-pc-win32
LogInit:  - supports SSL with OpenSSL/1.0.2g
LogInit:  - supports HTTP deflate (compression) using libz 1.2.8
LogInit:  - other features:
LogInit:      CURL_VERSION_SSL
LogInit:      CURL_VERSION_LIBZ
LogInit:      CURL_VERSION_IPV6
LogInit:      CURL_VERSION_ASYNCHDNS
LogInit:      CURL_VERSION_LARGEFILE
LogInit:      CURL_VERSION_IDN
LogInit:  CurlRequestOptions (configurable via config and command line):
LogInit:  - bVerifyPeer = false  - Libcurl will NOT verify peer certificate
LogInit:  - bUseHttpProxy = false  - Libcurl will NOT use HTTP proxy
LogInit:  - bDontReuseConnections = false  - Libcurl will reuse connections
LogInit:  - CertBundlePath = nullptr  - Libcurl will use whatever was configured at build time.
LogInit: Build: ++UE4+Release-4.14-CL-3249277
LogInit: Engine Version: 4.14.3-3249277+++UE4+Release-4.14
LogInit: Compatible Engine Version: 4.14.0-3195953+++UE4+Release-4.14
LogInit: Net CL: 3195953
LogDevObjectVersion: Number of dev versions registered: 13
LogDevObjectVersion:   Dev-Blueprints (B0D832E4-1F89-4F0D-ACCF-7EB736FD4AA2): 7
LogDevObjectVersion:   Dev-Build (E1C64328-A22C-4D53-A36C-8E866417BD8C): 0
LogDevObjectVersion:   Dev-Core (375EC13C-06E4-48FB-B500-84F0262A717E): 1
LogDevObjectVersion:   Dev-Editor (E4B068ED-F494-42E9-A231-DA0B2E46BB41): 8
LogDevObjectVersion:   Dev-Framework (CFFC743F-43B0-4480-9391-14DF171D2073): 17
LogDevObjectVersion:   Dev-Mobile (B02B49B5-BB20-44E9-A304-32B752E40360): 0
LogDevObjectVersion:   Dev-Networking (A4E4105C-59A1-49B5-A7C5-40C4547EDFEE): 0
LogDevObjectVersion:   Dev-Online (39C831C9-5AE6-47DC-9A44-9C173E1C8E7C): 0
LogDevObjectVersion:   Dev-Physics (78F01B33-EBEA-4F98-B9B4-84EACCB95AA2): 0
LogDevObjectVersion:   Dev-Platform (6631380F-2D4D-43E0-8009-CF276956A95A): 0
LogDevObjectVersion:   Dev-Rendering (12F88B9F-8875-4AFC-A67C-D90C383ABD29): 12
LogDevObjectVersion:   Dev-Sequencer (7B5AE74C-D270-4C10-A958-57980B212A5A): 1
LogDevObjectVersion:   Dev-VR (D7296918-1DD6-4BDD-9DE2-64A83CC13884): 0
LogInit: Compiled (64-bit): Jan  6 2017 10:49:43
LogInit: Compiled with Visual C++: 19.00.23026.00
LogInit: Build Configuration: Development
LogInit: Branch Name: ++UE4+Release-4.14
LogInit: Command line:  
LogInit: Base directory: C:/Program Files (x86)/Epic Games/4.14/Engine/Binaries/Win64/
LogInit: Installed Engine Build: 1
LogInit: Presizing for max 8388607 objects, including 0 objects not considered by GC, pre-allocating 0 bytes for permanent pool.
LogInit: Object subsystem initialized
[2017.01.14-13.14.35:669][  0]LogInit: Selected Device Profile: [Windows]
[2017.01.14-13.14.35:669][  0]LogInit: Applying CVar settings loaded from the selected device profile: [Windows]
[2017.01.14-13.14.35:687][  0]LogInit: Computer: DESKTOP-L3UJMK7
[2017.01.14-13.14.35:687][  0]LogInit: User: user
[2017.01.14-13.14.35:687][  0]LogInit: CPU Page size=65536, Cores=4
[2017.01.14-13.14.35:687][  0]LogInit: High frequency timer resolution =3.421879 MHz
[2017.01.14-13.14.35:687][  0]LogMemory: Memory total: Physical=15.7GB (16GB approx)
[2017.01.14-13.14.35:687][  0]LogMemory: Platform Memory Stats for Windows
[2017.01.14-13.14.35:687][  0]LogMemory: Process Physical Memory: 264.84 MB used, 264.84 MB peak
[2017.01.14-13.14.35:687][  0]LogMemory: Process Virtual Memory: 262.50 MB used, 262.50 MB peak
[2017.01.14-13.14.35:687][  0]LogMemory: Physical Memory: 10090.78 MB used,  5964.79 MB free, 16055.57 MB total
[2017.01.14-13.14.35:687][  0]LogMemory: Virtual Memory: 675.30 MB used,  5964.79 MB free, 134217728.00 MB total
[2017.01.14-13.14.35:745][  0]LogTextLocalizationManager: No specific translations for ('ko-KR') exist, so ('ko') translations will be used.
[2017.01.14-13.14.35:782][  0]LogTextLocalizationManager:Warning: Loaded localization resources contain conflicting entries for (Namespace:KismetSchema, Key:Default):
Localization Resource: (C:/Program Files (x86)/Epic Games/4.14/Engine/Content/Localization/EditorTutorials/ko/EditorTutorials.locres) Source String Hash: (940523119) Localized String: (디폴트)
Localization Resource: (C:/Program Files (x86)/Epic Games/4.14/Engine/Content/Localization/Engine/ko/Engine.locres) Source String Hash: (940523119) Localized String: (기본)
[2017.01.14-13.14.35:782][  0]LogTextLocalizationManager:Warning: Loaded localization resources contain conflicting entries for (Namespace:UObjectToolTips, Key:AnimNode_AssetPlayerBase:InternalTimeAccumulator):
Localization Resource: (C:/Program Files (x86)/Epic Games/4.14/Engine/Content/Localization/EditorTutorials/ko/EditorTutorials.locres) Source String Hash: (502993589) Localized String: (이 노드에서 애셋을 레퍼런싱하는 데 사용되는 누적 시간입니다.)
Localization Resource: (C:/Program Files (x86)/Epic Games/4.14/Engine/Content/Localization/Engine/ko/Engine.locres) Source String Hash: (502993589) Localized String: (이 노드에서 애셋을 레퍼런싱하는 데 사용된 누적 시간입니다.)
[2017.01.14-13.14.35:782][  0]LogTextLocalizationManager:Warning: Loaded localization resources contain conflicting entries for (Namespace:UObjectToolTips, Key:AnimNode_AssetPlayerBase:bIgnoreForRelevancyTest):
Localization Resource: (C:/Program Files (x86)/Epic Games/4.14/Engine/Content/Localization/EditorTutorials/ko/EditorTutorials.locres) Source String Hash: (319969718) Localized String: (True 면, 스테이트에서 최고 가중치 애니메이션을 찾는 "Relevant anim" 노드는 이 노드를 무시합니다.
 )
Localization Resource: (C:/Program Files (x86)/Epic Games/4.14/Engine/Content/Localization/Engine/ko/Engine.locres) Source String Hash: (319969718) Localized String: (True 면 스테이트 내 최고 웨이팅된 애니메이션을 찾는 "Relevant anim" 노드가 무시됩니다.
 )
[2017.01.14-13.14.35:782][  0]LogTextLocalizationManager:Warning: Loaded localization resources contain conflicting entries for (Namespace:UObjectToolTips, Key:AnimNode_AssetPlayerBase:BlendWeight):
Localization Resource: (C:/Program Files (x86)/Epic Games/4.14/Engine/Content/Localization/EditorTutorials/ko/EditorTutorials.locres) Source String Hash: (-1232800293) Localized String: (이 노드에 마지막 걸린 블렌드웨이트 입니다.)
Localization Resource: (C:/Program Files (x86)/Epic Games/4.14/Engine/Content/Localization/Engine/ko/Engine.locres) Source String Hash: (-1232800293) Localized String: (이 노드에 대해 마지막 접한 블렌드 웨이트)
[2017.01.14-13.14.36:768][  0]LogD3D11RHI: D3D11 adapters:
[2017.01.14-13.14.36:777][  0]LogD3D11RHI:    0. 'Intel(R) HD Graphics 530' (Feature Level 11_0)
[2017.01.14-13.14.36:777][  0]LogD3D11RHI:       128/0/8027 MB DedicatedVideo/DedicatedSystem/SharedSystem, Outputs:1, VendorId:0x8086
[2017.01.14-13.14.36:780][  0]LogD3D11RHI:    1. 'Microsoft Basic Render Driver' (Feature Level 11_0)
[2017.01.14-13.14.36:780][  0]LogD3D11RHI:       0/0/8027 MB DedicatedVideo/DedicatedSystem/SharedSystem, Outputs:0, VendorId:0x1414
[2017.01.14-13.14.36:780][  0]LogD3D11RHI: Chosen D3D11 Adapter: 0
[2017.01.14-13.14.36:785][  0]LogD3D11RHI: Creating new Direct3DDevice
[2017.01.14-13.14.36:785][  0]LogD3D11RHI:     GPU DeviceId: 0x1912 (for the marketing name, search the web for "GPU Device Id")
[2017.01.14-13.14.36:785][  0]LogWindows: EnumDisplayDevices:
[2017.01.14-13.14.36:785][  0]LogWindows:    0. 'Intel(R) HD Graphics 530' (P:1 D:1)
[2017.01.14-13.14.36:786][  0]LogWindows:    1. 'Intel(R) HD Graphics 530' (P:0 D:0)
[2017.01.14-13.14.36:787][  0]LogWindows:    2. 'Intel(R) HD Graphics 530' (P:0 D:0)
[2017.01.14-13.14.36:787][  0]LogWindows: DebugString: FoundDriverCount:3 
[2017.01.14-13.14.36:787][  0]LogD3D11RHI:     Adapter Name: Intel(R) HD Graphics 530
[2017.01.14-13.14.36:787][  0]LogD3D11RHI:   Driver Version: 21.20.16.4534 (internal:21.20.16.4534, unified:21.20.16.4534)
[2017.01.14-13.14.36:787][  0]LogD3D11RHI:      Driver Date: 10-7-2016
[2017.01.14-13.14.36:787][  0]LogRHI: Texture pool is 1361 MB (70% of 1945 MB)
[2017.01.14-13.14.36:795][  0]LogD3D11RHI: Async texture creation enabled
[2017.01.14-13.14.36:805][  0]LogD3D11RHI: GPU Timing Frequency: 12.000000 (Debug: 2 0)
[2017.01.14-13.14.36:806][  0]LogShaderCompilers: Guid format shader working directory is -13 characters bigger than the processId version (../../../../../../Users/user/Desktop/거위/Test/StrategyGame/Intermediate/Shaders/WorkingDirectory/10312/).
[2017.01.14-13.14.36:806][  0]LogShaderCompilers: Cleaned the shader compiler working directory 'C:/Users/user/AppData/Local/Temp/UnrealShaderWorkingDir/6E9F87694AABDF7A66EFDEB46C71B4DC/'.
[2017.01.14-13.14.36:806][  0]LogShaderCompilers:Display: Using Local Shader Compiler.
[2017.01.14-13.14.38:416][  0]LogTemp:Display: Loaded TP AllDesktopTargetPlatform
[2017.01.14-13.14.38:723][  0]LogTemp:Display: Loaded TP MacClientTargetPlatform
[2017.01.14-13.14.39:037][  0]LogTemp:Display: Loaded TP MacNoEditorTargetPlatform
[2017.01.14-13.14.39:346][  0]LogTemp:Display: Loaded TP MacServerTargetPlatform
[2017.01.14-13.14.39:663][  0]LogTemp:Display: Loaded TP MacTargetPlatform
[2017.01.14-13.14.39:985][  0]LogTemp:Display: Loaded TP WindowsClientTargetPlatform
[2017.01.14-13.14.40:304][  0]LogTemp:Display: Loaded TP WindowsNoEditorTargetPlatform
[2017.01.14-13.14.40:615][  0]LogTemp:Display: Loaded TP WindowsServerTargetPlatform
[2017.01.14-13.14.40:918][  0]LogTemp:Display: Loaded TP WindowsTargetPlatform
[2017.01.14-13.14.41:251][  0]LogTemp:Display: Loaded TP AndroidTargetPlatform
[2017.01.14-13.14.41:562][  0]LogTemp:Display: Loaded TP Android_ASTCTargetPlatform
[2017.01.14-13.14.41:890][  0]LogTemp:Display: Loaded TP Android_ATCTargetPlatform
[2017.01.14-13.14.42:209][  0]LogTemp:Display: Loaded TP Android_DXTTargetPlatform
[2017.01.14-13.14.42:573][  0]LogTemp:Display: Loaded TP Android_ETC1TargetPlatform
[2017.01.14-13.14.42:906][  0]LogTemp:Display: Loaded TP Android_ETC2TargetPlatform
[2017.01.14-13.14.43:540][  0]LogTemp:Display: Loaded TP Android_MultiTargetPlatform
[2017.01.14-13.14.43:540][  0]LogTemp:Display: Loaded TP Android_PVRTCTargetPlatform
[2017.01.14-13.14.43:857][  0]LogTemp:Display: Loaded TP HTML5TargetPlatform
[2017.01.14-13.14.44:350][  0]LogTemp:Display: Loaded TP IOSTargetPlatform
[2017.01.14-13.14.44:540][  0]LogTemp:Display: Loaded TP TVOSTargetPlatform
[2017.01.14-13.14.44:848][  0]LogTemp:Display: Loaded TP LinuxClientTargetPlatform
[2017.01.14-13.14.45:220][  0]LogTemp:Display: Loaded TP LinuxNoEditorTargetPlatform
[2017.01.14-13.14.45:536][  0]LogTemp:Display: Loaded TP LinuxServerTargetPlatform
[2017.01.14-13.14.45:858][  0]LogTemp:Display: Loaded TP LinuxTargetPlatform
[2017.01.14-13.14.45:858][  0]LogTargetPlatformManager:Display: Building Assets For Windows
[2017.01.14-13.14.49:019][  0]LogDerivedDataCache:Display: Max Cache Size: 512 MB
[2017.01.14-13.14.49:135][  0]LogDerivedDataCache: Loaded boot cache 0.12s 97MB C:/Users/user/AppData/Local/UnrealEngine/4.14/DerivedDataCache/Boot.ddc.
[2017.01.14-13.14.49:135][  0]LogDerivedDataCache:Display: Loaded Boot cache: C:/Users/user/AppData/Local/UnrealEngine/4.14/DerivedDataCache/Boot.ddc
[2017.01.14-13.14.49:135][  0]LogDerivedDataCache: FDerivedDataBackendGraph:  Pak pak cache file ../../../../../../Users/user/Desktop/거위/Test/StrategyGame/DerivedDataCache/DDC.ddp not found, will not use a pak cache.
[2017.01.14-13.14.49:135][  0]LogDerivedDataCache: Unable to find inner node Pak for hierarchical cache Hierarchy.
[2017.01.14-13.14.49:138][  0]LogDerivedDataCache:Display: Pak cache opened for reading ../../../../../../Users/user/Desktop/거위/Test/StrategyGame/DerivedDataCache/Compressed.ddp.
[2017.01.14-13.14.49:159][  0]LogDerivedDataCache:Display: Pak cache opened for reading ../../../Engine/DerivedDataCache/Compressed.ddp.
[2017.01.14-13.14.49:172][  0]LogDerivedDataCache: Using Local data cache path C:/Users/user/AppData/Local/UnrealEngine/Common/DerivedDataCache: Writable
[2017.01.14-13.14.49:486][  0]LogInit: Selected Device Profile: [Windows]
[2017.01.14-13.14.49:488][  0]LogContentStreaming: Texture pool size is 0.00 MB
[2017.01.14-13.14.50:402][  0]LogMeshUtilities: Using QuadricMeshReduction for automatic static mesh reduction
[2017.01.14-13.14.50:736][  0]LogSimplygon: Simplygon DLL not present - disabling.
[2017.01.14-13.14.51:048][  0]LogMeshUtilities: Using SimplygonSwarm for distributed automatic mesh merging
[2017.01.14-13.14.51:048][  0]LogMeshUtilities: No automatic skeletal mesh reduction module available
[2017.01.14-13.14.51:048][  0]LogMeshUtilities: No automatic mesh merging module available
[2017.01.14-13.14.52:185][  0]LogNetVersion: GetLocalNetworkVersion: CL: 3195953, ProjectName: strategygame, ProjectVersion: , EngineNetworkVersion: 2, GameNetworkVersion: 0, NetworkChecksum: 1784720774
[2017.01.14-13.14.52:401][  0]LogAssetRegistry: FAssetRegistry took 0.0211 seconds to start up
[2017.01.14-13.14.52:653][  0]LogPackageLocalizationCache: Processed 3 localized package path(s) for 2 prioritized culture(s) in 0.062669 seconds
[2017.01.14-13.14.52:658][  0]LogUObjectArray: 31946 objects as part of root set at end of initial load.
[2017.01.14-13.14.52:658][  0]LogUObjectAllocator: 6935848 out of 0 bytes used by permanent object pool.
[2017.01.14-13.14.52:658][  0]LogUObjectArray: CloseDisregardForGC: 0/0 objects in disregard for GC pool
[2017.01.14-13.14.53:254][  0]LogInit: WinSock: version 1.1 (2.2), MaxSocks=32767, MaxUdp=65467
[2017.01.14-13.14.58:773][  0]LogSlate: Using Freetype 2.6.0
[2017.01.14-13.14.58:774][  0]LogSlate: SlateFontCache - WITH_FREETYPE: 1, WITH_HARFBUZZ: 1
[2017.01.14-13.14.58:774][  0]LogSlate: SlateFontCache - WITH_FREETYPE: 1, WITH_HARFBUZZ: 1
[2017.01.14-13.15.01:429][  0]LogTcpMessaging: Initializing TcpMessaging bridge
[2017.01.14-13.15.01:627][  0]LogUdpMessaging: Initializing bridge on interface 0.0.0.0:0 to multicast group 230.0.0.1:6666.
[2017.01.14-13.15.02:467][  0]LogMaterial: Missing cached shader map for material M_RTS_Env_CliffWall_01_Glow, compiling. 
[2017.01.14-13.15.02:506][  0]LogMaterial: Missing cached shader map for material dust_04, compiling. 
[2017.01.14-13.15.02:532][  0]LogMaterial: Missing cached shader map for material Arbalest_Projectile_MF_1, compiling. 
[2017.01.14-13.15.02:559][  0]LogMaterial: Missing cached shader map for material M_blood_splash_03, compiling. 
[2017.01.14-13.15.02:573][  0]LogMaterial: Missing cached shader map for material M_blood_cloud_01, compiling. 
[2017.01.14-13.15.02:593][  0]LogMaterial: Missing cached shader map for material M_blood_splash_01, compiling. 
[2017.01.14-13.15.02:609][  0]LogMaterial: Missing cached shader map for material Arbalest_Projectile_Soft_Flare, compiling. 
[2017.01.14-13.15.02:648][  0]LogMaterial: Missing cached shader map for material M_TD_Cannon, compiling. 
[2017.01.14-13.15.02:705][  0]LogMaterial: Missing cached shader map for material M_TD_Projectile, compiling. 
[2017.01.14-13.15.02:732][  0]LogMaterial: Missing cached shader map for material M_TD_Arbales, compiling. 
[2017.01.14-13.15.02:781][  0]LogMaterial: Missing cached shader map for material M_Torch_Fire_01, compiling. 
[2017.01.14-13.15.02:799][  0]LogMaterial: Missing cached shader map for material m_flare_02, compiling. 
[2017.01.14-13.15.02:815][  0]LogMaterial: Missing cached shader map for material M_Fire_02, compiling. 
[2017.01.14-13.15.02:842][  0]LogMaterial: Missing cached shader map for material M_Fire_plane_1, compiling. 
[2017.01.14-13.15.02:868][  0]LogMaterial: Missing cached shader map for material M_TD_FlamethrowerTower, compiling. 
[2017.01.14-13.15.02:920][  0]LogMaterial: Missing cached shader map for material M_RTS_Env_CliffWall_01, compiling. 
[2017.01.14-13.15.02:973][  0]LogMaterial: Missing cached shader map for material Neutral, compiling. 
[2017.01.14-13.15.02:997][  0]LogMaterial: Missing cached shader map for material Enemy, compiling. 
[2017.01.14-13.15.39:850][  0]LogMaterial: Uniform references updated for custom material expression Custom.
[2017.01.14-13.15.43:235][  0]SourceControl: 정보 소스 콘트롤이 꺼졌습니다.
[2017.01.14-13.15.43:311][  0]SourceControl: 정보 소스 콘트롤이 꺼졌습니다.
[2017.01.14-13.15.43:663][  0]SourceControl: 정보 소스 콘트롤이 꺼졌습니다.
[2017.01.14-13.15.44:323][  0]SourceControl: 정보 소스 콘트롤이 꺼졌습니다.
[2017.01.14-13.15.57:166][  0]LogEngine: Initializing Engine...
[2017.01.14-13.15.57:168][  0]LogHMD: Failed to initialize OpenVR with code 110
[2017.01.14-13.15.59:260][  0]LogAIModule: Creating AISystem for world Untitled
[2017.01.14-13.15.59:286][  0]LogInit: XAudio2 using '스피커(High Definition Audio 장치)' : 2 channels at 44.1 kHz using 16 bits per sample (channel mask 0x3)
[2017.01.14-13.15.59:334][  0]LogInit: FAudioDevice initialized.
[2017.01.14-13.15.59:388][  0]LogDerivedDataCache: Saved boot cache 0.05s 97MB C:/Users/user/AppData/Local/UnrealEngine/4.14/DerivedDataCache/Boot.ddc.
[2017.01.14-13.15.59:396][  0]LogInit: Texture streaming: Enabled
[2017.01.14-13.16.01:527][  0]LogInit: Transaction tracking system initialized
[2017.01.14-13.16.06:266][  0]BlueprintLog: New page: 에디터 로드
[2017.01.14-13.16.17:766][  0]LocalizationService: 정보 현지화 서비스가 비활성화되었습니다.
[2017.01.14-13.16.25:733][  0]LogConsoleResponse:Display: 
[2017.01.14-13.16.26:188][  0]LogCook:Display: Max memory allowance for cook 16384mb min free memory 0mb
[2017.01.14-13.16.26:188][  0]LogCook:Display: Mobile HDR setting 1
[2017.01.14-13.16.26:780][  0]LogFileCache: Scanning file cache for directory 'C:/Users/user/Desktop/거위/Test/StrategyGame/Content/' took 0.02s
[2017.01.14-13.16.36:764][  0]SourceControl: 정보 소스 콘트롤이 꺼졌습니다.
[2017.01.14-13.16.36:764][  0]Cmd: MAP LOAD FILE="../../../../../../Users/user/Desktop/거위/Test/StrategyGame/Content/Maps/TowerDefenseMap.umap" TEMPLATE=0 SHOWPROGRESS=1 FEATURELEVEL=3
[2017.01.14-13.16.36:765][  0]LightingResults: New page: 라이팅 빌드
[2017.01.14-13.16.37:393][  0]MapCheck: New page: 맵 체크
[2017.01.14-13.16.37:393][  0]LightingResults: New page: 라이팅 빌드
[2017.01.14-13.16.38:880][  0]LogMaterial: Missing cached shader map for material m_flare_03, compiling. 
[2017.01.14-13.16.38:907][  0]LogMaterial: Missing cached shader map for material gold_ore_circle2, compiling. 
[2017.01.14-13.16.38:927][  0]LogMaterial: Missing cached shader map for material M_single_ray_01, compiling. 
[2017.01.14-13.16.38:978][  0]LogMaterial: Missing cached shader map for material M_wind_swirl_02, compiling. 
[2017.01.14-13.16.39:026][  0]LogMaterial: Missing cached shader map for material M_Dwarf_Grunt, compiling. 
[2017.01.14-13.16.39:073][  0]LogMaterial: Missing cached shader map for material M_WarHammer, compiling. 
[2017.01.14-13.16.39:110][  0]LogMaterial: Missing cached shader map for material Coin2, compiling. 
[2017.01.14-13.16.39:157][  0]LogMaterial: Missing cached shader map for material dust_02, compiling. 
[2017.01.14-13.16.39:199][  0]LogMaterial: Missing cached shader map for material M_rock_debris_01, compiling. 
[2017.01.14-13.16.39:226][  0]LogMaterial: Missing cached shader map for material M_TD_Gold_Pile, compiling. 
[2017.01.14-13.16.39:261][  0]LogMaterial: Missing cached shader map for material M_TD_Brawery, compiling. 
[2017.01.14-13.16.39:312][  0]LogMaterial: Missing cached shader map for material M_RTS_Env_Rocks_01, compiling. 
[2017.01.14-13.16.39:369][  0]LogMaterial: Missing cached shader map for material RTS_Env_Barrel_01, compiling. 
[2017.01.14-13.16.39:416][  0]LogMaterial: Missing cached shader map for material M_lava_02, compiling. 
[2017.01.14-13.16.39:435][  0]LogMaterial: Missing cached shader map for material M_lava_01, compiling. 
[2017.01.14-13.16.39:557][  0]LogMaterial: Missing cached shader map for material gold_ore_effect, compiling. 
[2017.01.14-13.16.39:675][  0]LogAIModule: Creating AISystem for world TowerDefenseMap
[2017.01.14-13.16.39:897][  0]LogMaterial: Missing cached shader map for material M_Graund_01, compiling. 
[2017.01.14-13.16.39:924][  0]LogMaterial: Missing cached shader map for material M_RTS_Env_Lava_01, compiling. 
[2017.01.14-13.16.39:932][  0]LogMaterial: Missing cached shader map for material Ground, compiling. 
[2017.01.14-13.16.39:992][  0]LogMaterial: Missing cached shader map for material M_RTS_Env_Statue_01, compiling. 
[2017.01.14-13.16.40:012][  0]LogMaterial: Missing cached shader map for material M_RTS_Env_Statue_02, compiling. 
[2017.01.14-13.16.40:034][  0]LogMaterial: Missing cached shader map for material M_RTS_Env_Ice_NordHead_02, compiling. 
[2017.01.14-13.16.40:057][  0]LogMaterial: Missing cached shader map for material M_RTS_Env_Door_01, compiling. 
[2017.01.14-13.16.40:195][  0]LogTexture:Display: 텍스처 빌드중: RTS_Env_Ice_Fort_Floor_1_N (AutoDXT)
[2017.01.14-13.16.42:130][  0]LogTexture:Display: 텍스처 빌드중: RTS_Env_Ice_Fort_Floor_2_D (AutoDXT)
[2017.01.14-13.16.48:464][  0]LogMaterial: Missing cached shader map for material RTS_Env_Ice_Fort_Floor_01, compiling. 
[2017.01.14-13.16.48:508][  0]LogTexture:Display: 텍스처 빌드중: RTS_Env_LOC_Gate_D (AutoDXT)
[2017.01.14-13.16.48:880][  0]LogTexture:Display: 텍스처 빌드중: RTS_Env_LOC_Gate_N (AutoDXT)
[2017.01.14-13.16.49:129][  0]LogMaterial: Missing cached shader map for material M_RTS_Env_Torh_01, compiling. 
[2017.01.14-13.16.49:157][  0]LogTexture:Display: 텍스처 빌드중: LOC_Bad_Wood_1_D (AutoDXT)
[2017.01.14-13.16.49:508][  0]LogMaterial: Missing cached shader map for material M_RTS_Planks, compiling. 
[2017.01.14-13.16.49:573][  0]LogMaterial: Missing cached shader map for material dust_03, compiling. 
[2017.01.14-13.16.49:588][  0]LogMaterial: Missing cached shader map for material small_bits_01, compiling. 
[2017.01.14-13.16.49:612][  0]LogMaterial: Missing cached shader map for material M_cloud_02, compiling. 
[2017.01.14-13.16.49:639][  0]LogMaterial: Missing cached shader map for material M_light_ray_03, compiling. 
[2017.01.14-13.16.49:703][  0]LogEditorServer: Finished looking for orphan Actors (0.000 secs)
[2017.01.14-13.16.49:704][  0]Cmd: MAP CHECKDEP NOCLEARLOG
[2017.01.14-13.16.50:117][  0]MapCheck: 정보 맵 체크 완료: 오류 0 회, 경고 0 회, 소요 시간 412.557ms.
[2017.01.14-13.16.50:118][  0]LogFileHelpers: Loading map 'TowerDefenseMap' took 13.353
[2017.01.14-13.16.50:530][  0]LogCollectionManager: Loaded 0 collections in 0.003511 seconds
[2017.01.14-13.16.50:926][  0]LogFileCache: Scanning file cache for directory 'C:/Users/user/Desktop/거위/Test/StrategyGame/Saved/Collections/' took 0.01s
[2017.01.14-13.16.50:926][  0]LogFileCache: Scanning file cache for directory 'C:/Users/user/Desktop/거위/Test/StrategyGame/Content/Developers/user/Collections/' took 0.01s
[2017.01.14-13.16.50:926][  0]LogFileCache: Scanning file cache for directory 'C:/Users/user/Desktop/거위/Test/StrategyGame/Content/Collections/' took 0.01s
[2017.01.14-13.16.50:926][  0]LogCollectionManager: Rebuilt the GUID cache for 0 collections in 0.000001 seconds
[2017.01.14-13.16.50:959][  0]LogContentBrowser: Native class hierarchy populated in 0.0333 seconds. Added 2223 classes and 441 folders.
[2017.01.14-13.16.51:352][  0]LogStats: UGameplayTagsManager::ConstructGameplayTagTree: Construct from data asset -  0.000 s
[2017.01.14-13.16.51:352][  0]LogStats: UGameplayTagsManager::ConstructGameplayTagTree: GameplayTagTreeChangedEvent.Broadcast -  0.000 s
[2017.01.14-13.16.51:375][  0]LogContentBrowser: Native class hierarchy updated for 'GameplayTags' in 0.0235 seconds. Added 13 classes and 0 folders.
[2017.01.14-13.16.52:057][  0]LogContentBrowser: Native class hierarchy updated for 'WidgetCarousel' in 0.0212 seconds. Added 0 classes and 0 folders.
[2017.01.14-13.16.52:157][  0]LogContentBrowser: Native class hierarchy updated for 'AddContentDialog' in 0.0220 seconds. Added 0 classes and 0 folders.
[2017.01.14-13.16.52:517][  0]LogContentBrowser: Native class hierarchy updated for 'SceneOutliner' in 0.0238 seconds. Added 1 classes and 2 folders.
[2017.01.14-13.16.52:747][  0]LogCrashTracker: Crashtracker disabled due to settings.
[2017.01.14-13.16.52:751][  0]LogUObjectGlobals:Warning: 'Class 없음.' 오브젝트를 찾는 데 실패했습니다.
[2017.01.14-13.16.53:224][  0]LogContentBrowser: Native class hierarchy updated for 'HierarchicalLODOutliner' in 0.0218 seconds. Added 1 classes and 2 folders.
[2017.01.14-13.16.53:225][  0]LogLoad: (Engine Initialization) Total time: 141.70 seconds
[2017.01.14-13.16.53:225][  0]LogLoad: (Engine Initialization) Total Blueprint compile time: 1.45 seconds
[2017.01.14-13.16.53:225][  0]LogExternalProfiler: Found external profiler: VSPerf
[2017.01.14-13.16.53:225][  0]LogExternalProfiler: Using external profiler: VSPerf
[2017.01.14-13.16.53:568][  0]LogOcInput: OculusInput pre-init called
[2017.01.14-13.16.53:624][  0]LogContentStreaming: Texture pool size now 1000 MB
[2017.01.14-13.16.53:878][  0]LogRenderer: Reallocating scene render targets to support 256x256 NumSamples 1 (Frame:2).
[2017.01.14-13.16.54:017][  0]LogRenderer: Reallocating scene render targets to support 1208x576 NumSamples 1 (Frame:2).
[2017.01.14-13.16.54:741][  1]LogFileCache: Retrieving MD5 hashes for directory 'C:/Users/user/Desktop/거위/Test/StrategyGame/Content/' took 1.17s
[2017.01.14-13.16.54:761][  1]LogAssetRegistry: Asset discovery search completed in 122.3815 seconds
[2017.01.14-13.16.54:761][  1]LogCollectionManager: Rebuilt the object cache for 0 collections in 0.000001 seconds (found 0 objects)
[2017.01.14-13.16.54:761][  1]LogCollectionManager: Fixed up redirectors for 0 collections in 0.000013 seconds (updated 0 objects)
[2017.01.14-13.18.02:962][401]LogWindowsTextInputMethodSystem:Display: IME system now activated using TSF (Microsoft 입력기).
[2017.01.14-13.18.03:127][402]Cmd: QUIT_EDITOR
[2017.01.14-13.18.03:194][402]LogExit: Preparing to exit.
[2017.01.14-13.18.03:852][402]LogDirectoryWatcher: A directory notification for 'C:/Users/user/Desktop/거위/Test/StrategyGame/Content/' was aborted.
[2017.01.14-13.18.03:894][402]LogExit: Editor shut down
[2017.01.14-13.18.03:895][402]LogExit: Transaction tracking system shut down
[2017.01.14-13.18.03:958][402]LogObj: Freed 0b from 0 cluster array pools.
[2017.01.14-13.18.03:958][402]LogExit: Object subsystem successfully closed.
[2017.01.14-13.18.03:970][402]LogD3D11RHI: Shutdown
[2017.01.14-13.18.03:970][402]LogD3D11RHI: CleanupD3DDevice
[2017.01.14-13.18.04:112][402]LogD3D11RHI: ~FD3D11DynamicRHI
[2017.01.14-13.18.04:248][402]LogHttp:Display: Http module shutting down, but needs to wait on 1 outstanding Http requests:
[2017.01.14-13.18.04:248][402]LogHttp:Display: 	verb=[POST] url=[https://datarouter.ol.epicgames.com/datarouter/api/v1/public/data?SessionID=%7B9DB3DB11-419D-6BD8-BD84-92865F841BA3%7D&AppID=UEEditor.Rocket.Release&AppVersion=4.14.3-3249277%2B%2B%2BUE4%2BRelease-4.14&UserID=2a5c48ed413eb9e3f267ffaf33a78fea%7Ce2b52698717f4d25b483bc06bbf02a93%7Cbbdf097b-87bb-432f-a909-40b5425b6960&AppEnvironment=datacollector-binary&UploadType=eteventstream] status=Processing
[2017.01.14-13.18.04:250][402]LogModuleManager: Shutting down and abandoning module HierarchicalLODOutliner (243)
[2017.01.14-13.18.04:250][402]LogModuleManager: Shutting down and abandoning module CrashTracker (242)
[2017.01.14-13.18.04:250][402]LogModuleManager: Shutting down and abandoning module SceneOutliner (241)
[2017.01.14-13.18.04:250][402]LogModuleManager: Shutting down and abandoning module WidgetCarousel (240)
[2017.01.14-13.18.04:250][402]LogModuleManager: Shutting down and abandoning module AddContentDialog (239)
[2017.01.14-13.18.04:250][402]LogDirectoryWatcher: A directory notification for 'C:/Program Files (x86)/Epic Games/4.14/FeaturePacks/' was aborted.
[2017.01.14-13.18.04:252][402]LogModuleManager: Shutting down and abandoning module GameplayTags (238)
[2017.01.14-13.18.04:252][402]LogModuleManager: Shutting down and abandoning module EditorWidgets (237)
[2017.01.14-13.18.04:252][402]LogModuleManager: Shutting down and abandoning module CollectionManager (236)
[2017.01.14-13.18.04:252][402]LogDirectoryWatcher: A directory notification for 'C:/Users/user/Desktop/거위/Test/StrategyGame/Content/Collections/' was aborted.
[2017.01.14-13.18.04:253][402]LogDirectoryWatcher: A directory notification for 'C:/Users/user/Desktop/거위/Test/StrategyGame/Content/Developers/user/Collections/' was aborted.
[2017.01.14-13.18.04:253][402]LogDirectoryWatcher: A directory notification for 'C:/Users/user/Desktop/거위/Test/StrategyGame/Saved/Collections/' was aborted.
[2017.01.14-13.18.04:253][402]LogModuleManager: Shutting down and abandoning module StatsViewer (235)
[2017.01.14-13.18.04:253][402]LogModuleManager: Shutting down and abandoning module FoliageEdit (234)
[2017.01.14-13.18.04:253][402]LogModuleManager: Shutting down and abandoning module LandscapeEditor (233)
[2017.01.14-13.18.04:253][402]LogModuleManager: Shutting down and abandoning module SceneDepthPickerMode (232)
[2017.01.14-13.18.04:253][402]LogModuleManager: Shutting down and abandoning module ActorPickerMode (231)
[2017.01.14-13.18.04:253][402]LogModuleManager: Shutting down and abandoning module GeometryMode (230)
[2017.01.14-13.18.04:253][402]LogModuleManager: Shutting down and abandoning module TextureAlignMode (229)
[2017.01.14-13.18.04:253][402]LogModuleManager: Shutting down and abandoning module BspMode (228)
[2017.01.14-13.18.04:253][402]LogModuleManager: Shutting down and abandoning module HardwareSurvey (227)
[2017.01.14-13.18.04:253][402]LogModuleManager: Shutting down and abandoning module SequenceRecorderSections (226)
[2017.01.14-13.18.04:253][402]LogModuleManager: Shutting down and abandoning module AutomationWorker (225)
[2017.01.14-13.18.04:253][402]LogModuleManager: Shutting down and abandoning module MatineeToLevelSequence (224)
[2017.01.14-13.18.04:253][402]LogModuleManager: Shutting down and abandoning module PlacementMode (223)
[2017.01.14-13.18.04:253][402]LogModuleManager: Shutting down and abandoning module LevelSequenceEditor (222)
[2017.01.14-13.18.04:253][402]LogModuleManager: Shutting down and abandoning module WmfMediaFactory (221)
[2017.01.14-13.18.04:253][402]LogModuleManager: Shutting down and abandoning module WmfMediaEditor (220)
[2017.01.14-13.18.04:253][402]LogModuleManager: Shutting down and abandoning module AvfMediaFactory (219)
[2017.01.14-13.18.04:253][402]LogModuleManager: Shutting down and abandoning module AvfMediaEditor (218)
[2017.01.14-13.18.04:253][402]LogModuleManager: Shutting down and abandoning module Media (217)
[2017.01.14-13.18.04:253][402]LogModuleManager: Shutting down and abandoning module AndroidMediaFactory (216)
[2017.01.14-13.18.04:253][402]LogModuleManager: Shutting down and abandoning module AndroidMediaEditor (215)
[2017.01.14-13.18.04:253][402]LogModuleManager: Shutting down and abandoning module CharacterAI (214)
[2017.01.14-13.18.04:253][402]LogModuleManager: Shutting down and abandoning module SequenceRecorder (213)
[2017.01.14-13.18.04:253][402]LogModuleManager: Shutting down and abandoning module AudioCapture (212)
[2017.01.14-13.18.04:253][402]LogModuleManager: Shutting down and abandoning module SmartSnapping (211)
[2017.01.14-13.18.04:254][402]LogModuleManager: Shutting down and abandoning module SessionServices (210)
[2017.01.14-13.18.04:254][402]LogModuleManager: Shutting down and abandoning module ViewportSnapping (209)
[2017.01.14-13.18.04:254][402]LogModuleManager: Shutting down and abandoning module ViewportInteraction (208)
[2017.01.14-13.18.04:254][402]LogModuleManager: Shutting down and abandoning module LogVisualizer (207)
[2017.01.14-13.18.04:254][402]LogModuleManager: Shutting down and abandoning module GameProjectGeneration (206)
[2017.01.14-13.18.04:254][402]LogModuleManager: Shutting down and abandoning module IntroTutorials (205)
[2017.01.14-13.18.04:254][402]LogModuleManager: Shutting down and abandoning module EditorLiveStreaming (204)
[2017.01.14-13.18.04:254][402]LogModuleManager: Shutting down and abandoning module IOSPlatformEditor (203)
[2017.01.14-13.18.04:254][402]LogModuleManager: Shutting down and abandoning module HTML5PlatformEditor (202)
[2017.01.14-13.18.04:254][402]LogModuleManager: Shutting down and abandoning module AndroidDeviceDetection (201)
[2017.01.14-13.18.05:049][402]LogModuleManager: Shutting down and abandoning module AndroidPlatformEditor (200)
[2017.01.14-13.18.05:049][402]LogModuleManager: Shutting down and abandoning module IOSRuntimeSettings (199)
[2017.01.14-13.18.05:049][402]LogModuleManager: Shutting down and abandoning module AndroidRuntimeSettings (198)
[2017.01.14-13.18.05:049][402]LogModuleManager: Shutting down and abandoning module InputBindingEditor (197)
[2017.01.14-13.18.05:049][402]LogModuleManager: Shutting down and abandoning module NiagaraEditor (196)
[2017.01.14-13.18.05:049][402]LogModuleManager: Shutting down and abandoning module MergeActors (195)
[2017.01.14-13.18.05:049][402]LogModuleManager: Shutting down and abandoning module SizeMap (194)
[2017.01.14-13.18.05:049][402]LogModuleManager: Shutting down and abandoning module TreeMap (193)
[2017.01.14-13.18.05:049][402]LogModuleManager: Shutting down and abandoning module ReferenceViewer (192)
[2017.01.14-13.18.05:049][402]LogModuleManager: Shutting down and abandoning module LocalizationService (191)
[2017.01.14-13.18.05:049][402]LogModuleManager: Shutting down and abandoning module LocalizationDashboard (190)
[2017.01.14-13.18.05:049][402]LogModuleManager: Shutting down and abandoning module HardwareTargeting (189)
[2017.01.14-13.18.05:049][402]LogModuleManager: Shutting down and abandoning module DeviceProfileEditor (188)
[2017.01.14-13.18.05:049][402]LogModuleManager: Shutting down and abandoning module UndoHistory (187)
[2017.01.14-13.18.05:049][402]LogModuleManager: Shutting down and abandoning module UserFeedback (186)
[2017.01.14-13.18.05:049][402]LogModuleManager: Shutting down and abandoning module XmlParser (185)
[2017.01.14-13.18.05:049][402]LogModuleManager: Shutting down and abandoning module Blutility (184)
[2017.01.14-13.18.05:049][402]LogModuleManager: Shutting down and abandoning module ProjectTargetPlatformEditor (183)
[2017.01.14-13.18.05:049][402]LogModuleManager: Shutting down and abandoning module ProjectSettingsViewer (182)
[2017.01.14-13.18.05:049][402]LogModuleManager: Shutting down and abandoning module EditorSettingsViewer (181)
[2017.01.14-13.18.05:050][402]LogModuleManager: Shutting down and abandoning module SettingsEditor (180)
[2017.01.14-13.18.05:050][402]LogModuleManager: Shutting down and abandoning module ProjectLauncher (179)
[2017.01.14-13.18.05:050][402]LogModuleManager: Shutting down and abandoning module SessionFrontend (178)
[2017.01.14-13.18.05:050][402]LogModuleManager: Shutting down and abandoning module ProfilerClient (177)
[2017.01.14-13.18.05:050][402]LogModuleManager: Shutting down and abandoning module TargetDeviceServices (176)
[2017.01.14-13.18.05:050][402]LogModuleManager: Shutting down and abandoning module DeviceManager (175)
[2017.01.14-13.18.05:112][402]LogModuleManager: Shutting down and abandoning module AutomationController (174)
[2017.01.14-13.18.05:112][402]LogModuleManager: Shutting down and abandoning module AutomationWindow (173)
[2017.01.14-13.18.05:112][402]LogModuleManager: Shutting down and abandoning module Layers (172)
[2017.01.14-13.18.05:113][402]LogModuleManager: Shutting down and abandoning module ComponentVisualizers (171)
[2017.01.14-13.18.05:113][402]LogModuleManager: Shutting down and abandoning module DetailCustomizations (170)
[2017.01.14-13.18.05:113][402]LogModuleManager: Shutting down and abandoning module PackagesDialog (169)
[2017.01.14-13.18.05:113][402]LogModuleManager: Shutting down and abandoning module AnimGraph (168)
[2017.01.14-13.18.05:113][402]LogModuleManager: Shutting down and abandoning module Persona (167)
[2017.01.14-13.18.05:113][402]LogModuleManager: Shutting down and abandoning module Kismet (166)
[2017.01.14-13.18.05:119][402]LogModuleManager: Shutting down and abandoning module GraphEditor (165)
[2017.01.14-13.18.05:119][402]LogModuleManager: Shutting down and abandoning module ClassViewer (164)
[2017.01.14-13.18.05:119][402]LogModuleManager: Shutting down and abandoning module Toolbox (163)
[2017.01.14-13.18.05:119][402]LogModuleManager: Shutting down and abandoning module ModuleUI (162)
[2017.01.14-13.18.05:119][402]LogModuleManager: Shutting down and abandoning module MovieSceneTools (161)
[2017.01.14-13.18.05:119][402]LogModuleManager: Shutting down and abandoning module OutputLog (160)
[2017.01.14-13.18.05:119][402]LogModuleManager: Shutting down and abandoning module GammaUI (159)
[2017.01.14-13.18.05:119][402]LogModuleManager: Shutting down and abandoning module Documentation (158)
[2017.01.14-13.18.05:119][402]LogModuleManager: Shutting down and abandoning module Niagara (157)
[2017.01.14-13.18.05:119][402]LogModuleManager: Shutting down and abandoning module StreamingPauseRendering (156)
[2017.01.14-13.18.05:119][402]LogModuleManager: Shutting down and abandoning module AnalyticsET (155)
[2017.01.14-13.18.05:119][402]LogModuleManager: Shutting down and abandoning module PortalServices (154)
[2017.01.14-13.18.05:119][402]LogModuleManager: Shutting down and abandoning module PortalRpc (153)
[2017.01.14-13.18.05:119][402]LogModuleManager: Shutting down and abandoning module MessagingRpc (152)
[2017.01.14-13.18.05:119][402]LogModuleManager: Shutting down and abandoning module GameplayDebugger (151)
[2017.01.14-13.18.05:119][402]LogModuleManager: Shutting down and abandoning module AITestSuite (150)
[2017.01.14-13.18.05:119][402]LogModuleManager: Shutting down and abandoning module AIModule (149)
[2017.01.14-13.18.05:119][402]LogModuleManager: Shutting down and abandoning module ProfilerService (148)
[2017.01.14-13.18.05:126][402]LogModuleManager: Shutting down and abandoning module TaskGraph (147)
[2017.01.14-13.18.05:126][402]LogModuleManager: Shutting down and abandoning module SlateRemote (146)
[2017.01.14-13.18.05:126][402]LogModuleManager: Shutting down and abandoning module SteamVRController (145)
[2017.01.14-13.18.05:126][402]LogModuleManager: Shutting down and abandoning module SteamVR (144)
[2017.01.14-13.18.05:126][402]LogModuleManager: Shutting down and abandoning module ProceduralMeshComponentEditor (143)
[2017.01.14-13.18.05:126][402]LogModuleManager: Shutting down and abandoning module ProceduralMeshComponent (142)
[2017.01.14-13.18.05:126][402]LogModuleManager: Shutting down and abandoning module OculusLibrary (141)
[2017.01.14-13.18.05:126][402]LogModuleManager: Shutting down and abandoning module OculusInput (140)
[2017.01.14-13.18.05:126][402]LogModuleManager: Shutting down and abandoning module MobilePatchingUtils (139)
[2017.01.14-13.18.05:126][402]LogModuleManager: Shutting down and abandoning module CustomMeshComponent (138)
[2017.01.14-13.18.05:126][402]LogModuleManager: Shutting down and abandoning module CableComponent (137)
[2017.01.14-13.18.05:126][402]LogModuleManager: Shutting down and abandoning module ArchVisCharacter (136)
[2017.01.14-13.18.05:126][402]LogModuleManager: Shutting down and abandoning module MediaPlayerEditor (134)
[2017.01.14-13.18.05:126][402]LogModuleManager: Shutting down and abandoning module HTML5Networking (133)
[2017.01.14-13.18.05:126][402]LogModuleManager: Shutting down and abandoning module GeometryCacheEd (132)
[2017.01.14-13.18.05:126][402]LogModuleManager: Shutting down and abandoning module GeometryCache (131)
[2017.01.14-13.18.05:126][402]LogModuleManager: Shutting down and abandoning module AlembicLibrary (130)
[2017.01.14-13.18.05:126][402]LogModuleManager: Shutting down and abandoning module AlembicImporter (129)
[2017.01.14-13.18.05:126][402]LogModuleManager: Shutting down and abandoning module SuperSearch (128)
[2017.01.14-13.18.05:126][402]LogModuleManager: Shutting down and abandoning module SuperSearchEditor (127)
[2017.01.14-13.18.05:126][402]LogModuleManager: Shutting down and abandoning module SpeedTreeImporter (126)
[2017.01.14-13.18.05:127][402]LogModuleManager: Shutting down and abandoning module PluginBrowser (125)
[2017.01.14-13.18.05:127][402]LogModuleManager: Shutting down and abandoning module MobileLauncherProfileWizard (124)
[2017.01.14-13.18.05:127][402]LogModuleManager: Shutting down and abandoning module EpicSurvey (123)
[2017.01.14-13.18.05:127][402]LogModuleManager: Shutting down and abandoning module DesktopPlatform (122)
[2017.01.14-13.18.05:127][402]LogModuleManager: Shutting down and abandoning module VisualStudioSourceCodeAccess (121)
[2017.01.14-13.18.05:127][402]LogModuleManager: Shutting down and abandoning module UObjectPlugin (120)
[2017.01.14-13.18.05:127][402]LogModuleManager: Shutting down and abandoning module SubversionSourceControl (119)
[2017.01.14-13.18.05:127][402]LogModuleManager: Shutting down and abandoning module PerforceSourceControl (118)
[2017.01.14-13.18.05:127][402]LogModuleManager: Shutting down and abandoning module SourceControl (117)
[2017.01.14-13.18.05:127][402]LogModuleManager: Shutting down and abandoning module GitSourceControl (116)
[2017.01.14-13.18.05:127][402]LogModuleManager: Shutting down and abandoning module LightPropagationVolumeEditor (115)
[2017.01.14-13.18.05:127][402]LogModuleManager: Shutting down and abandoning module PaperTiledImporter (114)
[2017.01.14-13.18.05:127][402]LogModuleManager: Shutting down and abandoning module PaperSpriteSheetImporter (113)
[2017.01.14-13.18.05:127][402]LogModuleManager: Shutting down and abandoning module MeshPaint (112)
[2017.01.14-13.18.05:127][402]LogModuleManager: Shutting down and abandoning module PixelInspectorModule (111)
[2017.01.14-13.18.05:127][402]LogModuleManager: Shutting down and abandoning module HotReload (110)
[2017.01.14-13.18.05:127][402]LogDirectoryWatcher: A directory notification for 'C:/Users/user/Desktop/거위/Test/StrategyGame/Binaries/Win64' was aborted.
[2017.01.14-13.18.05:128][402]LogModuleManager: Shutting down and abandoning module MainFrame (109)
[2017.01.14-13.18.05:128][402]LogModuleManager: Shutting down and abandoning module LevelEditor (108)
[2017.01.14-13.18.05:132][402]LogModuleManager: Shutting down and abandoning module ContentBrowser (107)
[2017.01.14-13.18.05:166][402]LogModuleManager: Shutting down and abandoning module Paper2DEditor (106)
[2017.01.14-13.18.05:166][402]LogModuleManager: Shutting down and abandoning module StrategyGame (105)
[2017.01.14-13.18.05:166][402]LogModuleManager: Shutting down and abandoning module UdpMessaging (104)
[2017.01.14-13.18.05:266][402]LogModuleManager: Shutting down and abandoning module TcpMessaging (103)
[2017.01.14-13.18.05:367][402]LogModuleManager: Shutting down and abandoning module LightPropagationVolumeRuntime (102)
[2017.01.14-13.18.05:367][402]LogModuleManager: Shutting down and abandoning module Paper2D (101)
[2017.01.14-13.18.05:367][402]LogModuleManager: Shutting down and abandoning module WindowsMoviePlayer (100)
[2017.01.14-13.18.05:367][402]LogModuleManager: Shutting down and abandoning module WmfMedia (99)
[2017.01.14-13.18.05:367][402]LogModuleManager: Shutting down and abandoning module StrategyGameLoadingScreen (98)
[2017.01.14-13.18.05:367][402]LogModuleManager: Shutting down and abandoning module MediaAssets (97)
[2017.01.14-13.18.05:367][402]LogModuleManager: Shutting down and abandoning module GameLiveStreaming (96)
[2017.01.14-13.18.05:367][402]LogModuleManager: Shutting down and abandoning module GameplayTagsEditor (95)
[2017.01.14-13.18.05:367][402]LogModuleManager: Shutting down and abandoning module VREditor (94)
[2017.01.14-13.18.05:367][402]LogModuleManager: Shutting down and abandoning module GameplayTasksEditor (93)
[2017.01.14-13.18.05:367][402]LogModuleManager: Shutting down and abandoning module BehaviorTreeEditor (92)
[2017.01.14-13.18.05:367][402]LogModuleManager: Shutting down and abandoning module FunctionalTesting (91)
[2017.01.14-13.18.05:367][402]LogModuleManager: Shutting down and abandoning module CollisionAnalyzer (90)
[2017.01.14-13.18.05:367][402]LogModuleManager: Shutting down and abandoning module Sequencer (89)
[2017.01.14-13.18.05:367][402]LogModuleManager: Shutting down and abandoning module WorkspaceMenuStructure (88)
[2017.01.14-13.18.05:367][402]LogModuleManager: Shutting down and abandoning module MessageLog (87)
[2017.01.14-13.18.05:367][402]LogModuleManager: Shutting down and abandoning module AssetTools (86)
[2017.01.14-13.18.05:368][402]LogModuleManager: Shutting down and abandoning module UMGEditor (85)
[2017.01.14-13.18.05:369][402]LogModuleManager: Shutting down and abandoning module UMG (84)
[2017.01.14-13.18.05:369][402]LogModuleManager: Shutting down and abandoning module SlateReflector (83)
[2017.01.14-13.18.05:369][402]LogModuleManager: Shutting down and abandoning module Slate (82)
[2017.01.14-13.18.05:369][402]LogModuleManager: Shutting down and abandoning module EditorStyle (81)
[2017.01.14-13.18.05:382][402]LogModuleManager: Shutting down and abandoning module SourceCodeAccess (80)
[2017.01.14-13.18.05:382][402]LogModuleManager: Shutting down and abandoning module HeadMountedDisplay (79)
[2017.01.14-13.18.05:382][402]LogModuleManager: Shutting down and abandoning module XAudio2 (78)
[2017.01.14-13.18.05:382][402]LogModuleManager: Shutting down and abandoning module Networking (76)
[2017.01.14-13.18.05:382][402]LogModuleManager: Shutting down and abandoning module Core (75)
[2017.01.14-13.18.05:382][402]LogModuleManager: Shutting down and abandoning module DirectoryWatcher (74)
[2017.01.14-13.18.05:382][402]LogDirectoryWatcher: A directory notification for '../../../Engine/Content/' was aborted.
[2017.01.14-13.18.05:382][402]LogDirectoryWatcher: A directory notification for '../../../../../../Users/user/Desktop/거위/Test/StrategyGame/Content/' was aborted.
[2017.01.14-13.18.05:383][402]LogDirectoryWatcher: A directory notification for '../../../Engine/Plugins/2D/Paper2D/Content/' was aborted.
[2017.01.14-13.18.05:386][402]LogModuleManager: Shutting down and abandoning module AssetRegistry (73)
[2017.01.14-13.18.05:553][402]LogModuleManager: Shutting down and abandoning module KismetCompiler (72)
[2017.01.14-13.18.05:553][402]LogModuleManager: Shutting down and abandoning module PhysXFormats (71)
[2017.01.14-13.18.05:553][402]LogModuleManager: Shutting down and abandoning module SimplygonSwarm (70)
[2017.01.14-13.18.05:553][402]LogModuleManager: Shutting down and abandoning module SimplygonMeshReduction (69)
[2017.01.14-13.18.05:553][402]LogModuleManager: Shutting down and abandoning module QuadricMeshReduction (68)
[2017.01.14-13.18.05:553][402]LogModuleManager: Shutting down and abandoning module PropertyEditor (67)
[2017.01.14-13.18.05:553][402]LogModuleManager: Shutting down and abandoning module MeshUtilities (66)
[2017.01.14-13.18.05:553][402]LogModuleManager: Shutting down and abandoning module DerivedDataCache (65)
[2017.01.14-13.18.05:616][402]LogDerivedDataCache: Shutdown
[2017.01.14-13.18.05:616][402]LogModuleManager: Shutting down and abandoning module VulkanShaderFormat (64)
[2017.01.14-13.18.05:616][402]LogModuleManager: Shutting down and abandoning module ShaderFormatOpenGL (63)
[2017.01.14-13.18.05:616][402]LogModuleManager: Shutting down and abandoning module ShaderFormatD3D (62)
[2017.01.14-13.18.05:616][402]LogModuleManager: Shutting down and abandoning module MetalShaderFormat (61)
[2017.01.14-13.18.05:616][402]LogModuleManager: Shutting down and abandoning module TextureFormatUncompressed (60)
[2017.01.14-13.18.05:616][402]LogModuleManager: Shutting down and abandoning module TextureFormatPVR (59)
[2017.01.14-13.18.05:616][402]LogModuleManager: Shutting down and abandoning module TextureFormatDXT (58)
[2017.01.14-13.18.05:616][402]LogModuleManager: Shutting down and abandoning module TextureFormatIntelISPCTexComp (57)
[2017.01.14-13.18.05:616][402]LogModuleManager: Shutting down and abandoning module ImageWrapper (56)
[2017.01.14-13.18.05:616][402]LogModuleManager: Shutting down and abandoning module TextureFormatASTC (55)
[2017.01.14-13.18.05:616][402]LogModuleManager: Shutting down and abandoning module TextureFormatAndroid (54)
[2017.01.14-13.18.05:616][402]LogModuleManager: Shutting down and abandoning module AudioFormatOpus (53)
[2017.01.14-13.18.05:616][402]LogModuleManager: Shutting down and abandoning module AudioFormatOgg (52)
[2017.01.14-13.18.05:616][402]LogModuleManager: Shutting down and abandoning module AudioFormatADPCM (51)
[2017.01.14-13.18.05:616][402]LogModuleManager: Shutting down and abandoning module LinuxTargetPlatform (50)
[2017.01.14-13.18.05:616][402]LogModuleManager: Shutting down and abandoning module LinuxServerTargetPlatform (49)
[2017.01.14-13.18.05:616][402]LogModuleManager: Shutting down and abandoning module LinuxNoEditorTargetPlatform (48)
[2017.01.14-13.18.05:616][402]LogModuleManager: Shutting down and abandoning module LinuxClientTargetPlatform (47)
[2017.01.14-13.18.05:616][402]LogModuleManager: Shutting down and abandoning module TVOSTargetPlatform (46)
[2017.01.14-13.18.05:616][402]LogModuleManager: Shutting down and abandoning module Messaging (45)
[2017.01.14-13.18.05:616][402]LogModuleManager: Shutting down and abandoning module IOSTargetPlatform (44)
[2017.01.14-13.18.05:616][402]LogModuleManager: Shutting down and abandoning module HTML5TargetPlatform (43)
[2017.01.14-13.18.05:616][402]LogModuleManager: Shutting down and abandoning module Android_PVRTCTargetPlatform (42)
[2017.01.14-13.18.05:616][402]LogModuleManager: Shutting down and abandoning module Android_MultiTargetPlatform (41)
[2017.01.14-13.18.05:616][402]LogModuleManager: Shutting down and abandoning module Android_ETC2TargetPlatform (40)
[2017.01.14-13.18.05:616][402]LogModuleManager: Shutting down and abandoning module Android_ETC1TargetPlatform (39)
[2017.01.14-13.18.05:616][402]LogModuleManager: Shutting down and abandoning module Android_DXTTargetPlatform (38)
[2017.01.14-13.18.05:616][402]LogModuleManager: Shutting down and abandoning module Android_ATCTargetPlatform (37)
[2017.01.14-13.18.05:616][402]LogModuleManager: Shutting down and abandoning module Android_ASTCTargetPlatform (36)
[2017.01.14-13.18.05:616][402]LogModuleManager: Shutting down and abandoning module AndroidTargetPlatform (35)
[2017.01.14-13.18.05:616][402]LogModuleManager: Shutting down and abandoning module WindowsTargetPlatform (34)
[2017.01.14-13.18.05:616][402]LogModuleManager: Shutting down and abandoning module WindowsServerTargetPlatform (33)
[2017.01.14-13.18.05:616][402]LogModuleManager: Shutting down and abandoning module WindowsNoEditorTargetPlatform (32)
[2017.01.14-13.18.05:616][402]LogModuleManager: Shutting down and abandoning module WindowsClientTargetPlatform (31)
[2017.01.14-13.18.05:616][402]LogModuleManager: Shutting down and abandoning module MacTargetPlatform (30)
[2017.01.14-13.18.05:616][402]LogModuleManager: Shutting down and abandoning module MacServerTargetPlatform (29)
[2017.01.14-13.18.05:616][402]LogModuleManager: Shutting down and abandoning module MacNoEditorTargetPlatform (28)
[2017.01.14-13.18.05:616][402]LogModuleManager: Shutting down and abandoning module MacClientTargetPlatform (27)
[2017.01.14-13.18.05:616][402]LogModuleManager: Shutting down and abandoning module AllDesktopTargetPlatform (26)
[2017.01.14-13.18.05:616][402]LogModuleManager: Shutting down and abandoning module TargetPlatform (25)
[2017.01.14-13.18.05:616][402]LogModuleManager: Shutting down and abandoning module InputCore (24)
[2017.01.14-13.18.05:616][402]LogModuleManager: Shutting down and abandoning module Settings (23)
[2017.01.14-13.18.05:616][402]LogModuleManager: Shutting down and abandoning module OculusRift (22)
[2017.01.14-13.18.05:616][402]LogModuleManager: Shutting down and abandoning module ExampleDeviceProfileSelector (21)
[2017.01.14-13.18.05:616][402]LogModuleManager: Shutting down and abandoning module OnlineBlueprintSupport (20)
[2017.01.14-13.18.05:616][402]LogModuleManager: Shutting down and abandoning module OnlineSubsystem (18)
[2017.01.14-13.18.05:616][402]LogOnline:Display: Unloading online subsystem: NULL
[2017.01.14-13.18.05:616][402]LogModuleManager: Shutting down and abandoning module SSL (17)
[2017.01.14-13.18.05:618][402]LogModuleManager: Shutting down and abandoning module HTTP (16)
[2017.01.14-13.18.05:618][402]LogModuleManager: Shutting down and abandoning module XMPP (15)
[2017.01.14-13.18.05:618][402]LogModuleManager: Shutting down and abandoning module TextureCompressor (14)
[2017.01.14-13.18.05:618][402]LogModuleManager: Shutting down and abandoning module ShaderCore (13)
[2017.01.14-13.18.05:618][402]LogModuleManager: Shutting down and abandoning module Landscape (12)
[2017.01.14-13.18.05:618][402]LogModuleManager: Shutting down and abandoning module SlateRHIRenderer (11)
[2017.01.14-13.18.05:619][402]LogModuleManager: Shutting down and abandoning module OpenGLDrv (10)
[2017.01.14-13.18.05:619][402]LogModuleManager: Shutting down and abandoning module D3D11RHI (9)
[2017.01.14-13.18.05:619][402]LogModuleManager: Shutting down and abandoning module AnimGraphRuntime (8)
[2017.01.14-13.18.05:619][402]LogModuleManager: Shutting down and abandoning module Renderer (7)
[2017.01.14-13.18.05:619][402]LogModuleManager: Shutting down and abandoning module Engine (6)
[2017.01.14-13.18.05:619][402]LogModuleManager: Shutting down and abandoning module CoreUObject (5)
[2017.01.14-13.18.05:619][402]LogModuleManager: Shutting down and abandoning module NetworkFile (4)
[2017.01.14-13.18.05:619][402]LogModuleManager: Shutting down and abandoning module StreamingFile (3)
[2017.01.14-13.18.05:619][402]LogModuleManager: Shutting down and abandoning module SandboxFile (2)
[2017.01.14-13.18.05:619][402]LogModuleManager: Shutting down and abandoning module PakFile (1)
[2017.01.14-13.18.05:622][402]LogExit: Exiting.
[2017.01.14-13.18.05:647][402]Log file closed, 01/14/17 22:18:05
